<?xml version="1.0" encoding="UTF-8"?>
<testng-results skipped="0" failed="0" ignored="0" total="3" passed="3">
  <reporter-output>
  </reporter-output>
  <suite name="Cross-Platform" duration-ms="20971" started-at="2022-12-14T21:55:10 EST" finished-at="2022-12-14T21:55:30 EST">
    <groups>
    </groups>
    <test name="BStackDemo-1" duration-ms="16577" started-at="2022-12-14T21:55:10 EST" finished-at="2022-12-14T21:55:26 EST">
      <class name="com.browserstack.BStackDemoTest">
        <test-method status="PASS" signature="setUp()[pri:0, instance:com.browserstack.BStackDemoTest@5629510]" name="setUp" is-config="true" duration-ms="10056" started-at="2022-12-14T21:55:10 EST" finished-at="2022-12-14T21:55:20 EST">
          <reporter-output>
          </reporter-output>
        </test-method> <!-- setUp -->
        <test-method status="PASS" signature="addProductToCart()[pri:0, instance:com.browserstack.BStackDemoTest@5629510]" name="addProductToCart" duration-ms="5185" started-at="2022-12-14T21:55:20 EST" finished-at="2022-12-14T21:55:25 EST">
          <reporter-output>
          </reporter-output>
        </test-method> <!-- addProductToCart -->
        <test-method status="PASS" signature="tearDown()[pri:0, instance:com.browserstack.BStackDemoTest@5629510]" name="tearDown" is-config="true" duration-ms="1167" started-at="2022-12-14T21:55:25 EST" finished-at="2022-12-14T21:55:26 EST">
          <reporter-output>
          </reporter-output>
        </test-method> <!-- tearDown -->
      </class> <!-- com.browserstack.BStackDemoTest -->
    </test> <!-- BStackDemo-1 -->
    <test name="BStackDemo-0" duration-ms="17639" started-at="2022-12-14T21:55:10 EST" finished-at="2022-12-14T21:55:27 EST">
      <class name="com.browserstack.BStackDemoTest">
        <test-method status="PASS" signature="setUp()[pri:0, instance:com.browserstack.BStackDemoTest@4fad9bb2]" name="setUp" is-config="true" duration-ms="12661" started-at="2022-12-14T21:55:10 EST" finished-at="2022-12-14T21:55:22 EST">
          <reporter-output>
          </reporter-output>
        </test-method> <!-- setUp -->
        <test-method status="PASS" signature="addProductToCart()[pri:0, instance:com.browserstack.BStackDemoTest@4fad9bb2]" name="addProductToCart" duration-ms="3784" started-at="2022-12-14T21:55:22 EST" finished-at="2022-12-14T21:55:26 EST">
          <reporter-output>
          </reporter-output>
        </test-method> <!-- addProductToCart -->
        <test-method status="PASS" signature="tearDown()[pri:0, instance:com.browserstack.BStackDemoTest@4fad9bb2]" name="tearDown" is-config="true" duration-ms="1055" started-at="2022-12-14T21:55:26 EST" finished-at="2022-12-14T21:55:27 EST">
          <reporter-output>
          </reporter-output>
        </test-method> <!-- tearDown -->
      </class> <!-- com.browserstack.BStackDemoTest -->
    </test> <!-- BStackDemo-0 -->
    <test name="BStackDemo-2" duration-ms="20971" started-at="2022-12-14T21:55:10 EST" finished-at="2022-12-14T21:55:30 EST">
      <class name="com.browserstack.BStackDemoTest">
        <test-method status="PASS" signature="setUp()[pri:0, instance:com.browserstack.BStackDemoTest@2826f61]" name="setUp" is-config="true" duration-ms="15699" started-at="2022-12-14T21:55:10 EST" finished-at="2022-12-14T21:55:25 EST">
          <reporter-output>
          </reporter-output>
        </test-method> <!-- setUp -->
        <test-method status="PASS" signature="addProductToCart()[pri:0, instance:com.browserstack.BStackDemoTest@2826f61]" name="addProductToCart" duration-ms="4083" started-at="2022-12-14T21:55:25 EST" finished-at="2022-12-14T21:55:29 EST">
          <reporter-output>
          </reporter-output>
        </test-method> <!-- addProductToCart -->
        <test-method status="PASS" signature="tearDown()[pri:0, instance:com.browserstack.BStackDemoTest@2826f61]" name="tearDown" is-config="true" duration-ms="1039" started-at="2022-12-14T21:55:29 EST" finished-at="2022-12-14T21:55:30 EST">
          <reporter-output>
          </reporter-output>
        </test-method> <!-- tearDown -->
      </class> <!-- com.browserstack.BStackDemoTest -->
    </test> <!-- BStackDemo-2 -->
  </suite> <!-- Cross-Platform -->
</testng-results>
